[0.011s] Invoking command in '/home/akash/swarm_ws/src/drone_state_publisher/build/drone_state_publisher': CMAKE_PREFIX_PATH=${CMAKE_PREFIX_PATH}:/home/akash/swarm_ws/install/subcriber_test:/home/akash/swarm_ws/install/publisher_test:/home/akash/swarm_ws/install/drone_state_publisher:/opt/ros/foxy /usr/bin/cmake /home/akash/swarm_ws/src/drone_state_publisher -DCMAKE_INSTALL_PREFIX=/home/akash/swarm_ws/src/drone_state_publisher/install/drone_state_publisher
[0.081s] -- The C compiler identification is GNU 9.4.0
[0.140s] -- The CXX compiler identification is GNU 9.4.0
[0.148s] -- Check for working C compiler: /usr/bin/cc
[0.231s] -- Check for working C compiler: /usr/bin/cc -- works
[0.231s] -- Detecting C compiler ABI info
[0.328s] -- Detecting C compiler ABI info - done
[0.345s] -- Detecting C compile features
[0.345s] -- Detecting C compile features - done
[0.347s] -- Check for working CXX compiler: /usr/bin/c++
[0.451s] -- Check for working CXX compiler: /usr/bin/c++ -- works
[0.454s] -- Detecting CXX compiler ABI info
[0.556s] -- Detecting CXX compiler ABI info - done
[0.564s] -- Detecting CXX compile features
[0.564s] -- Detecting CXX compile features - done
[0.566s] -- Found ament_cmake: 0.9.12 (/opt/ros/foxy/share/ament_cmake/cmake)
[0.587s] -- Found PythonInterp: /usr/bin/python3 (found suitable version "3.8.10", minimum required is "3") 
[0.587s] -- Using PYTHON_EXECUTABLE: /usr/bin/python3
[0.736s] -- Found ament_lint_auto: 0.9.8 (/opt/ros/foxy/share/ament_lint_auto/cmake)
[0.797s] -- Added test 'copyright' to check source files copyright and LICENSE
[0.799s] -- Added test 'cppcheck' to perform static code analysis on C / C++ code
[0.799s] -- Configured cppcheck include dirs: 
[0.799s] -- Configured cppcheck exclude dirs and/or files: 
[0.801s] -- Added test 'cpplint' to check C / C++ code against the Google style
[0.801s] -- Configured cpplint exclude dirs and/or files: 
[0.802s] -- Added test 'lint_cmake' to check CMake code style
[0.805s] -- Added test 'uncrustify' to check C / C++ code style
[0.805s] -- Configured uncrustify additional arguments: 
[0.806s] -- Added test 'xmllint' to check XML markup files
[0.807s] -- Configuring done
[0.809s] -- Generating done
[0.810s] -- Build files have been written to: /home/akash/swarm_ws/src/drone_state_publisher/build/drone_state_publisher
[0.813s] Invoked command in '/home/akash/swarm_ws/src/drone_state_publisher/build/drone_state_publisher' returned '0': CMAKE_PREFIX_PATH=${CMAKE_PREFIX_PATH}:/home/akash/swarm_ws/install/subcriber_test:/home/akash/swarm_ws/install/publisher_test:/home/akash/swarm_ws/install/drone_state_publisher:/opt/ros/foxy /usr/bin/cmake /home/akash/swarm_ws/src/drone_state_publisher -DCMAKE_INSTALL_PREFIX=/home/akash/swarm_ws/src/drone_state_publisher/install/drone_state_publisher
[0.816s] Invoking command in '/home/akash/swarm_ws/src/drone_state_publisher/build/drone_state_publisher': CMAKE_PREFIX_PATH=${CMAKE_PREFIX_PATH}:/home/akash/swarm_ws/install/subcriber_test:/home/akash/swarm_ws/install/publisher_test:/home/akash/swarm_ws/install/drone_state_publisher:/opt/ros/foxy /usr/bin/cmake --build /home/akash/swarm_ws/src/drone_state_publisher/build/drone_state_publisher -- -j16 -l16
[0.862s] Invoked command in '/home/akash/swarm_ws/src/drone_state_publisher/build/drone_state_publisher' returned '0': CMAKE_PREFIX_PATH=${CMAKE_PREFIX_PATH}:/home/akash/swarm_ws/install/subcriber_test:/home/akash/swarm_ws/install/publisher_test:/home/akash/swarm_ws/install/drone_state_publisher:/opt/ros/foxy /usr/bin/cmake --build /home/akash/swarm_ws/src/drone_state_publisher/build/drone_state_publisher -- -j16 -l16
[0.904s] Invoking command in '/home/akash/swarm_ws/src/drone_state_publisher/build/drone_state_publisher': CMAKE_PREFIX_PATH=${CMAKE_PREFIX_PATH}:/home/akash/swarm_ws/install/subcriber_test:/home/akash/swarm_ws/install/publisher_test:/home/akash/swarm_ws/install/drone_state_publisher:/opt/ros/foxy /usr/bin/cmake --install /home/akash/swarm_ws/src/drone_state_publisher/build/drone_state_publisher
[0.916s] -- Install configuration: ""
[0.916s] -- Installing: /home/akash/swarm_ws/src/drone_state_publisher/install/drone_state_publisher/share/ament_index/resource_index/package_run_dependencies/drone_state_publisher
[0.916s] -- Installing: /home/akash/swarm_ws/src/drone_state_publisher/install/drone_state_publisher/share/ament_index/resource_index/parent_prefix_path/drone_state_publisher
[0.916s] -- Installing: /home/akash/swarm_ws/src/drone_state_publisher/install/drone_state_publisher/share/drone_state_publisher/environment/ament_prefix_path.sh
[0.916s] -- Installing: /home/akash/swarm_ws/src/drone_state_publisher/install/drone_state_publisher/share/drone_state_publisher/environment/ament_prefix_path.dsv
[0.916s] -- Installing: /home/akash/swarm_ws/src/drone_state_publisher/install/drone_state_publisher/share/drone_state_publisher/environment/path.sh
[0.916s] -- Installing: /home/akash/swarm_ws/src/drone_state_publisher/install/drone_state_publisher/share/drone_state_publisher/environment/path.dsv
[0.916s] -- Installing: /home/akash/swarm_ws/src/drone_state_publisher/install/drone_state_publisher/share/drone_state_publisher/local_setup.bash
[0.916s] -- Installing: /home/akash/swarm_ws/src/drone_state_publisher/install/drone_state_publisher/share/drone_state_publisher/local_setup.sh
[0.917s] -- Installing: /home/akash/swarm_ws/src/drone_state_publisher/install/drone_state_publisher/share/drone_state_publisher/local_setup.zsh
[0.917s] -- Installing: /home/akash/swarm_ws/src/drone_state_publisher/install/drone_state_publisher/share/drone_state_publisher/local_setup.dsv
[0.917s] -- Installing: /home/akash/swarm_ws/src/drone_state_publisher/install/drone_state_publisher/share/drone_state_publisher/package.dsv
[0.917s] -- Installing: /home/akash/swarm_ws/src/drone_state_publisher/install/drone_state_publisher/share/ament_index/resource_index/packages/drone_state_publisher
[0.917s] -- Installing: /home/akash/swarm_ws/src/drone_state_publisher/install/drone_state_publisher/share/drone_state_publisher/cmake/drone_state_publisherConfig.cmake
[0.917s] -- Installing: /home/akash/swarm_ws/src/drone_state_publisher/install/drone_state_publisher/share/drone_state_publisher/cmake/drone_state_publisherConfig-version.cmake
[0.917s] -- Installing: /home/akash/swarm_ws/src/drone_state_publisher/install/drone_state_publisher/share/drone_state_publisher/package.xml
[0.919s] Invoked command in '/home/akash/swarm_ws/src/drone_state_publisher/build/drone_state_publisher' returned '0': CMAKE_PREFIX_PATH=${CMAKE_PREFIX_PATH}:/home/akash/swarm_ws/install/subcriber_test:/home/akash/swarm_ws/install/publisher_test:/home/akash/swarm_ws/install/drone_state_publisher:/opt/ros/foxy /usr/bin/cmake --install /home/akash/swarm_ws/src/drone_state_publisher/build/drone_state_publisher
