[0.183s] DEBUG:colcon:Command line arguments: ['/usr/bin/colcon', 'build', '--packages-select', 'drone_state_publisher']
[0.183s] DEBUG:colcon:Parsed command line arguments: Namespace(allow_overriding=[], ament_cmake_args=None, base_paths=['.'], build_base='build', catkin_cmake_args=None, catkin_skip_building_tests=False, cmake_args=None, cmake_clean_cache=False, cmake_clean_first=False, cmake_force_configure=False, cmake_target=None, cmake_target_skip_unavailable=False, continue_on_error=False, event_handlers=None, executor='parallel', ignore_user_meta=False, install_base='install', log_base=None, log_level=None, main=<bound method BuildVerb.main of <colcon_core.verb.build.BuildVerb object at 0x7fc5ccfeb160>>, merge_install=False, metas=['./colcon.meta'], packages_above=None, packages_above_and_dependencies=None, packages_above_depth=None, packages_end=None, packages_ignore=None, packages_ignore_regex=None, packages_select=['drone_state_publisher'], packages_select_build_failed=False, packages_select_by_dep=None, packages_select_regex=None, packages_select_test_failures=False, packages_skip=None, packages_skip_build_finished=False, packages_skip_by_dep=None, packages_skip_regex=None, packages_skip_test_passed=False, packages_skip_up_to=None, packages_start=None, packages_up_to=None, packages_up_to_regex=None, parallel_workers=16, paths=None, symlink_install=False, test_result_base=None, verb_extension=<colcon_core.verb.build.BuildVerb object at 0x7fc5ccfeb160>, verb_name='build', verb_parser=<colcon_defaults.argument_parser.defaults.DefaultArgumentsDecorator object at 0x7fc5ccfeb6a0>)
[0.199s] Level 1:colcon.colcon_core.package_discovery:discover_packages(colcon_meta) check parameters
[0.199s] Level 1:colcon.colcon_core.package_discovery:discover_packages(recursive) check parameters
[0.199s] Level 1:colcon.colcon_core.package_discovery:discover_packages(ignore) check parameters
[0.199s] Level 1:colcon.colcon_core.package_discovery:discover_packages(path) check parameters
[0.199s] Level 1:colcon.colcon_core.package_discovery:discover_packages(colcon_meta) discover
[0.199s] Level 1:colcon.colcon_core.package_discovery:discover_packages(recursive) discover
[0.199s] INFO:colcon.colcon_core.package_discovery:Crawling recursively for packages in '/home/akash/swarm_ws/src/drone_state_publisher'
[0.199s] Level 1:colcon.colcon_core.package_identification:_identify(.) by extensions ['ignore', 'ignore_ament_install']
[0.199s] Level 1:colcon.colcon_core.package_identification:_identify(.) by extension 'ignore'
[0.199s] Level 1:colcon.colcon_core.package_identification:_identify(.) by extension 'ignore_ament_install'
[0.199s] Level 1:colcon.colcon_core.package_identification:_identify(.) by extensions ['colcon_pkg']
[0.199s] Level 1:colcon.colcon_core.package_identification:_identify(.) by extension 'colcon_pkg'
[0.199s] Level 1:colcon.colcon_core.package_identification:_identify(.) by extensions ['colcon_meta']
[0.199s] Level 1:colcon.colcon_core.package_identification:_identify(.) by extension 'colcon_meta'
[0.199s] Level 1:colcon.colcon_core.package_identification:_identify(.) by extensions ['ros']
[0.199s] Level 1:colcon.colcon_core.package_identification:_identify(.) by extension 'ros'
[0.212s] DEBUG:colcon.colcon_core.package_identification:Package '.' with type 'ros.ament_python' and name 'drone_state_publisher'
[0.212s] Level 1:colcon.colcon_core.package_discovery:discover_packages(recursive) using defaults
[0.212s] Level 1:colcon.colcon_core.package_discovery:discover_packages(ignore) discover
[0.212s] Level 1:colcon.colcon_core.package_discovery:discover_packages(ignore) using defaults
[0.212s] Level 1:colcon.colcon_core.package_discovery:discover_packages(path) discover
[0.212s] Level 1:colcon.colcon_core.package_discovery:discover_packages(path) using defaults
[0.224s] Level 1:colcon.colcon_core.package_discovery:discover_packages(prefix_path) check parameters
[0.224s] Level 1:colcon.colcon_core.package_discovery:discover_packages(prefix_path) discover
[0.226s] DEBUG:colcon.colcon_installed_package_information.package_discovery:Found 2 installed packages in /home/akash/swarm_ws/install
[0.227s] DEBUG:colcon.colcon_installed_package_information.package_discovery:Found 256 installed packages in /opt/ros/foxy
[0.228s] Level 1:colcon.colcon_core.package_discovery:discover_packages(prefix_path) using defaults
[0.268s] Level 5:colcon.colcon_core.verb:set package 'drone_state_publisher' build argument 'cmake_args' from command line to 'None'
[0.268s] Level 5:colcon.colcon_core.verb:set package 'drone_state_publisher' build argument 'cmake_target' from command line to 'None'
[0.268s] Level 5:colcon.colcon_core.verb:set package 'drone_state_publisher' build argument 'cmake_target_skip_unavailable' from command line to 'False'
[0.268s] Level 5:colcon.colcon_core.verb:set package 'drone_state_publisher' build argument 'cmake_clean_cache' from command line to 'False'
[0.268s] Level 5:colcon.colcon_core.verb:set package 'drone_state_publisher' build argument 'cmake_clean_first' from command line to 'False'
[0.268s] Level 5:colcon.colcon_core.verb:set package 'drone_state_publisher' build argument 'cmake_force_configure' from command line to 'False'
[0.268s] Level 5:colcon.colcon_core.verb:set package 'drone_state_publisher' build argument 'ament_cmake_args' from command line to 'None'
[0.268s] Level 5:colcon.colcon_core.verb:set package 'drone_state_publisher' build argument 'catkin_cmake_args' from command line to 'None'
[0.268s] Level 5:colcon.colcon_core.verb:set package 'drone_state_publisher' build argument 'catkin_skip_building_tests' from command line to 'False'
[0.268s] DEBUG:colcon.colcon_core.verb:Building package 'drone_state_publisher' with the following arguments: {'ament_cmake_args': None, 'build_base': '/home/akash/swarm_ws/src/drone_state_publisher/build/drone_state_publisher', 'catkin_cmake_args': None, 'catkin_skip_building_tests': False, 'cmake_args': None, 'cmake_clean_cache': False, 'cmake_clean_first': False, 'cmake_force_configure': False, 'cmake_target': None, 'cmake_target_skip_unavailable': False, 'install_base': '/home/akash/swarm_ws/src/drone_state_publisher/install/drone_state_publisher', 'merge_install': False, 'path': '/home/akash/swarm_ws/src/drone_state_publisher', 'symlink_install': False, 'test_result_base': None}
[0.269s] INFO:colcon.colcon_core.executor:Executing jobs using 'parallel' executor
[0.271s] DEBUG:colcon.colcon_parallel_executor.executor.parallel:run_until_complete
[0.271s] INFO:colcon.colcon_ros.task.ament_python.build:Building ROS package in '/home/akash/swarm_ws/src/drone_state_publisher' with build type 'ament_python'
[0.271s] Level 1:colcon.colcon_core.shell:create_environment_hook('drone_state_publisher', 'ament_prefix_path')
[0.274s] INFO:colcon.colcon_core.plugin_system:Skipping extension 'colcon_core.shell.bat': Not used on non-Windows systems
[0.274s] INFO:colcon.colcon_core.shell:Creating environment hook '/home/akash/swarm_ws/src/drone_state_publisher/install/drone_state_publisher/share/drone_state_publisher/hook/ament_prefix_path.ps1'
[0.274s] INFO:colcon.colcon_core.shell:Creating environment descriptor '/home/akash/swarm_ws/src/drone_state_publisher/install/drone_state_publisher/share/drone_state_publisher/hook/ament_prefix_path.dsv'
[0.275s] INFO:colcon.colcon_core.shell:Creating environment hook '/home/akash/swarm_ws/src/drone_state_publisher/install/drone_state_publisher/share/drone_state_publisher/hook/ament_prefix_path.sh'
[0.276s] INFO:colcon.colcon_core.shell:Skip shell extension 'powershell' for command environment: Not usable outside of PowerShell
[0.276s] DEBUG:colcon.colcon_core.shell:Skip shell extension 'dsv' for command environment
[0.419s] INFO:colcon.colcon_core.task.python.build:Building Python package in '/home/akash/swarm_ws/src/drone_state_publisher'
[0.420s] INFO:colcon.colcon_core.shell:Skip shell extension 'powershell' for command environment: Not usable outside of PowerShell
[0.421s] DEBUG:colcon.colcon_core.shell:Skip shell extension 'dsv' for command environment
[0.682s] DEBUG:colcon.colcon_core.event_handler.log_command:Invoking command in '/home/akash/swarm_ws/src/drone_state_publisher': PYTHONPATH=/home/akash/swarm_ws/src/drone_state_publisher/build/drone_state_publisher/prefix_override:/home/akash/swarm_ws/src/drone_state_publisher/install/drone_state_publisher/lib/python3.8/site-packages:${PYTHONPATH} /usr/bin/python3 setup.py egg_info --egg-base build/drone_state_publisher build --build-base /home/akash/swarm_ws/src/drone_state_publisher/build/drone_state_publisher/build install --record /home/akash/swarm_ws/src/drone_state_publisher/build/drone_state_publisher/install.log --install-scripts $base/lib/drone_state_publisher --single-version-externally-managed
[0.877s] DEBUG:colcon.colcon_core.event_handler.log_command:Invoked command in '/home/akash/swarm_ws/src/drone_state_publisher' returned '0': PYTHONPATH=/home/akash/swarm_ws/src/drone_state_publisher/build/drone_state_publisher/prefix_override:/home/akash/swarm_ws/src/drone_state_publisher/install/drone_state_publisher/lib/python3.8/site-packages:${PYTHONPATH} /usr/bin/python3 setup.py egg_info --egg-base build/drone_state_publisher build --build-base /home/akash/swarm_ws/src/drone_state_publisher/build/drone_state_publisher/build install --record /home/akash/swarm_ws/src/drone_state_publisher/build/drone_state_publisher/install.log --install-scripts $base/lib/drone_state_publisher --single-version-externally-managed
[0.885s] Level 1:colcon.colcon_core.environment:checking '/home/akash/swarm_ws/src/drone_state_publisher/install/drone_state_publisher' for CMake module files
[0.885s] Level 1:colcon.colcon_core.environment:checking '/home/akash/swarm_ws/src/drone_state_publisher/install/drone_state_publisher' for CMake config files
[0.886s] Level 1:colcon.colcon_core.environment:checking '/home/akash/swarm_ws/src/drone_state_publisher/install/drone_state_publisher/lib'
[0.886s] Level 1:colcon.colcon_core.environment:checking '/home/akash/swarm_ws/src/drone_state_publisher/install/drone_state_publisher/bin'
[0.886s] Level 1:colcon.colcon_core.environment:checking '/home/akash/swarm_ws/src/drone_state_publisher/install/drone_state_publisher/lib/pkgconfig/drone_state_publisher.pc'
[0.886s] Level 1:colcon.colcon_core.environment:checking '/home/akash/swarm_ws/src/drone_state_publisher/install/drone_state_publisher/lib/python3.8/site-packages'
[0.886s] Level 1:colcon.colcon_core.shell:create_environment_hook('drone_state_publisher', 'pythonpath')
[0.887s] INFO:colcon.colcon_core.shell:Creating environment hook '/home/akash/swarm_ws/src/drone_state_publisher/install/drone_state_publisher/share/drone_state_publisher/hook/pythonpath.ps1'
[0.887s] INFO:colcon.colcon_core.shell:Creating environment descriptor '/home/akash/swarm_ws/src/drone_state_publisher/install/drone_state_publisher/share/drone_state_publisher/hook/pythonpath.dsv'
[0.887s] INFO:colcon.colcon_core.shell:Creating environment hook '/home/akash/swarm_ws/src/drone_state_publisher/install/drone_state_publisher/share/drone_state_publisher/hook/pythonpath.sh'
[0.888s] Level 1:colcon.colcon_core.environment:checking '/home/akash/swarm_ws/src/drone_state_publisher/install/drone_state_publisher/bin'
[0.888s] Level 1:colcon.colcon_core.environment:create_environment_scripts_only(drone_state_publisher)
[0.889s] INFO:colcon.colcon_core.shell:Creating package script '/home/akash/swarm_ws/src/drone_state_publisher/install/drone_state_publisher/share/drone_state_publisher/package.ps1'
[0.889s] INFO:colcon.colcon_core.shell:Creating package descriptor '/home/akash/swarm_ws/src/drone_state_publisher/install/drone_state_publisher/share/drone_state_publisher/package.dsv'
[0.889s] INFO:colcon.colcon_core.shell:Creating package script '/home/akash/swarm_ws/src/drone_state_publisher/install/drone_state_publisher/share/drone_state_publisher/package.sh'
[0.890s] INFO:colcon.colcon_core.shell:Creating package script '/home/akash/swarm_ws/src/drone_state_publisher/install/drone_state_publisher/share/drone_state_publisher/package.bash'
[0.890s] INFO:colcon.colcon_core.shell:Creating package script '/home/akash/swarm_ws/src/drone_state_publisher/install/drone_state_publisher/share/drone_state_publisher/package.zsh'
[0.891s] Level 1:colcon.colcon_core.environment:create_file_with_runtime_dependencies(/home/akash/swarm_ws/src/drone_state_publisher/install/drone_state_publisher/share/colcon-core/packages/drone_state_publisher)
[0.891s] DEBUG:colcon.colcon_parallel_executor.executor.parallel:closing loop
[0.891s] DEBUG:colcon.colcon_parallel_executor.executor.parallel:loop closed
[0.891s] DEBUG:colcon.colcon_parallel_executor.executor.parallel:run_until_complete finished with '0'
[0.891s] DEBUG:colcon.colcon_core.event_reactor:joining thread
[0.898s] INFO:colcon.colcon_core.plugin_system:Skipping extension 'colcon_notification.desktop_notification.terminal_notifier': Not used on non-Darwin systems
[0.898s] INFO:colcon.colcon_core.plugin_system:Skipping extension 'colcon_notification.desktop_notification.win32': Not used on non-Windows systems
[0.898s] INFO:colcon.colcon_notification.desktop_notification:Sending desktop notification using 'notify2'
[0.915s] DEBUG:colcon.colcon_core.event_reactor:joined thread
[0.916s] INFO:colcon.colcon_core.shell:Creating prefix script '/home/akash/swarm_ws/src/drone_state_publisher/install/local_setup.ps1'
[0.917s] INFO:colcon.colcon_core.shell:Creating prefix util module '/home/akash/swarm_ws/src/drone_state_publisher/install/_local_setup_util_ps1.py'
[0.918s] INFO:colcon.colcon_core.shell:Creating prefix chain script '/home/akash/swarm_ws/src/drone_state_publisher/install/setup.ps1'
[0.919s] INFO:colcon.colcon_core.shell:Creating prefix script '/home/akash/swarm_ws/src/drone_state_publisher/install/local_setup.sh'
[0.921s] INFO:colcon.colcon_core.shell:Creating prefix util module '/home/akash/swarm_ws/src/drone_state_publisher/install/_local_setup_util_sh.py'
[0.921s] INFO:colcon.colcon_core.shell:Creating prefix chain script '/home/akash/swarm_ws/src/drone_state_publisher/install/setup.sh'
[0.924s] INFO:colcon.colcon_core.shell:Creating prefix script '/home/akash/swarm_ws/src/drone_state_publisher/install/local_setup.bash'
[0.925s] INFO:colcon.colcon_core.shell:Creating prefix chain script '/home/akash/swarm_ws/src/drone_state_publisher/install/setup.bash'
[0.925s] INFO:colcon.colcon_core.shell:Creating prefix script '/home/akash/swarm_ws/src/drone_state_publisher/install/local_setup.zsh'
[0.926s] INFO:colcon.colcon_core.shell:Creating prefix chain script '/home/akash/swarm_ws/src/drone_state_publisher/install/setup.zsh'
