[0.197s] DEBUG:colcon:Command line arguments: ['/usr/bin/colcon', 'build']
[0.197s] DEBUG:colcon:Parsed command line arguments: Namespace(allow_overriding=[], ament_cmake_args=None, base_paths=['.'], build_base='build', catkin_cmake_args=None, catkin_skip_building_tests=False, cmake_args=None, cmake_clean_cache=False, cmake_clean_first=False, cmake_force_configure=False, cmake_target=None, cmake_target_skip_unavailable=False, continue_on_error=False, event_handlers=None, executor='parallel', ignore_user_meta=False, install_base='install', log_base=None, log_level=None, main=<bound method BuildVerb.main of <colcon_core.verb.build.BuildVerb object at 0x7f1bc76c06d0>>, merge_install=False, metas=['./colcon.meta'], packages_above=None, packages_above_and_dependencies=None, packages_above_depth=None, packages_end=None, packages_ignore=None, packages_ignore_regex=None, packages_select=None, packages_select_build_failed=False, packages_select_by_dep=None, packages_select_regex=None, packages_select_test_failures=False, packages_skip=None, packages_skip_build_finished=False, packages_skip_by_dep=None, packages_skip_regex=None, packages_skip_test_passed=False, packages_skip_up_to=None, packages_start=None, packages_up_to=None, packages_up_to_regex=None, parallel_workers=16, paths=None, symlink_install=False, test_result_base=None, verb_extension=<colcon_core.verb.build.BuildVerb object at 0x7f1bc76c06d0>, verb_name='build', verb_parser=<colcon_defaults.argument_parser.defaults.DefaultArgumentsDecorator object at 0x7f1bc76c0c10>)
[0.214s] Level 1:colcon.colcon_core.package_discovery:discover_packages(colcon_meta) check parameters
[0.214s] Level 1:colcon.colcon_core.package_discovery:discover_packages(recursive) check parameters
[0.214s] Level 1:colcon.colcon_core.package_discovery:discover_packages(ignore) check parameters
[0.214s] Level 1:colcon.colcon_core.package_discovery:discover_packages(path) check parameters
[0.214s] Level 1:colcon.colcon_core.package_discovery:discover_packages(colcon_meta) discover
[0.214s] Level 1:colcon.colcon_core.package_discovery:discover_packages(recursive) discover
[0.214s] INFO:colcon.colcon_core.package_discovery:Crawling recursively for packages in '/home/akash/swarm_ws/src/drone_state_publisher'
[0.215s] Level 1:colcon.colcon_core.package_identification:_identify(.) by extensions ['ignore', 'ignore_ament_install']
[0.215s] Level 1:colcon.colcon_core.package_identification:_identify(.) by extension 'ignore'
[0.215s] Level 1:colcon.colcon_core.package_identification:_identify(.) by extension 'ignore_ament_install'
[0.215s] Level 1:colcon.colcon_core.package_identification:_identify(.) by extensions ['colcon_pkg']
[0.215s] Level 1:colcon.colcon_core.package_identification:_identify(.) by extension 'colcon_pkg'
[0.215s] Level 1:colcon.colcon_core.package_identification:_identify(.) by extensions ['colcon_meta']
[0.215s] Level 1:colcon.colcon_core.package_identification:_identify(.) by extension 'colcon_meta'
[0.215s] Level 1:colcon.colcon_core.package_identification:_identify(.) by extensions ['ros']
[0.215s] Level 1:colcon.colcon_core.package_identification:_identify(.) by extension 'ros'
[0.234s] DEBUG:colcon.colcon_core.package_identification:Package '.' with type 'ros.ament_cmake' and name 'drone_state_publisher'
[0.234s] Level 1:colcon.colcon_core.package_discovery:discover_packages(recursive) using defaults
[0.234s] Level 1:colcon.colcon_core.package_discovery:discover_packages(ignore) discover
[0.234s] Level 1:colcon.colcon_core.package_discovery:discover_packages(ignore) using defaults
[0.234s] Level 1:colcon.colcon_core.package_discovery:discover_packages(path) discover
[0.234s] Level 1:colcon.colcon_core.package_discovery:discover_packages(path) using defaults
[0.248s] Level 1:colcon.colcon_core.package_discovery:discover_packages(prefix_path) check parameters
[0.248s] Level 1:colcon.colcon_core.package_discovery:discover_packages(prefix_path) discover
[0.250s] DEBUG:colcon.colcon_installed_package_information.package_discovery:Found 4 installed packages in /home/akash/swarm_ws/install
[0.251s] DEBUG:colcon.colcon_installed_package_information.package_discovery:Found 256 installed packages in /opt/ros/foxy
[0.252s] Level 1:colcon.colcon_core.package_discovery:discover_packages(prefix_path) using defaults
[0.294s] Level 5:colcon.colcon_core.verb:set package 'drone_state_publisher' build argument 'cmake_args' from command line to 'None'
[0.294s] Level 5:colcon.colcon_core.verb:set package 'drone_state_publisher' build argument 'cmake_target' from command line to 'None'
[0.294s] Level 5:colcon.colcon_core.verb:set package 'drone_state_publisher' build argument 'cmake_target_skip_unavailable' from command line to 'False'
[0.294s] Level 5:colcon.colcon_core.verb:set package 'drone_state_publisher' build argument 'cmake_clean_cache' from command line to 'False'
[0.294s] Level 5:colcon.colcon_core.verb:set package 'drone_state_publisher' build argument 'cmake_clean_first' from command line to 'False'
[0.294s] Level 5:colcon.colcon_core.verb:set package 'drone_state_publisher' build argument 'cmake_force_configure' from command line to 'False'
[0.294s] Level 5:colcon.colcon_core.verb:set package 'drone_state_publisher' build argument 'ament_cmake_args' from command line to 'None'
[0.294s] Level 5:colcon.colcon_core.verb:set package 'drone_state_publisher' build argument 'catkin_cmake_args' from command line to 'None'
[0.294s] Level 5:colcon.colcon_core.verb:set package 'drone_state_publisher' build argument 'catkin_skip_building_tests' from command line to 'False'
[0.295s] DEBUG:colcon.colcon_core.verb:Building package 'drone_state_publisher' with the following arguments: {'ament_cmake_args': None, 'build_base': '/home/akash/swarm_ws/src/drone_state_publisher/build/drone_state_publisher', 'catkin_cmake_args': None, 'catkin_skip_building_tests': False, 'cmake_args': None, 'cmake_clean_cache': False, 'cmake_clean_first': False, 'cmake_force_configure': False, 'cmake_target': None, 'cmake_target_skip_unavailable': False, 'install_base': '/home/akash/swarm_ws/src/drone_state_publisher/install/drone_state_publisher', 'merge_install': False, 'path': '/home/akash/swarm_ws/src/drone_state_publisher', 'symlink_install': False, 'test_result_base': None}
[0.295s] INFO:colcon.colcon_core.executor:Executing jobs using 'parallel' executor
[0.298s] DEBUG:colcon.colcon_parallel_executor.executor.parallel:run_until_complete
[0.298s] INFO:colcon.colcon_ros.task.ament_cmake.build:Building ROS package in '/home/akash/swarm_ws/src/drone_state_publisher' with build type 'ament_cmake'
[0.298s] INFO:colcon.colcon_cmake.task.cmake.build:Building CMake package in '/home/akash/swarm_ws/src/drone_state_publisher'
[0.301s] INFO:colcon.colcon_core.plugin_system:Skipping extension 'colcon_core.shell.bat': Not used on non-Windows systems
[0.301s] INFO:colcon.colcon_core.shell:Skip shell extension 'powershell' for command environment: Not usable outside of PowerShell
[0.301s] DEBUG:colcon.colcon_core.shell:Skip shell extension 'dsv' for command environment
[0.310s] DEBUG:colcon.colcon_core.event_handler.log_command:Invoking command in '/home/akash/swarm_ws/src/drone_state_publisher/build/drone_state_publisher': CMAKE_PREFIX_PATH=${CMAKE_PREFIX_PATH}:/home/akash/swarm_ws/install/subcriber_test:/home/akash/swarm_ws/install/publisher_test:/home/akash/swarm_ws/install/drone_state_publisher:/opt/ros/foxy /usr/bin/cmake /home/akash/swarm_ws/src/drone_state_publisher -DCMAKE_INSTALL_PREFIX=/home/akash/swarm_ws/src/drone_state_publisher/install/drone_state_publisher
[1.111s] DEBUG:colcon.colcon_core.event_handler.log_command:Invoked command in '/home/akash/swarm_ws/src/drone_state_publisher/build/drone_state_publisher' returned '0': CMAKE_PREFIX_PATH=${CMAKE_PREFIX_PATH}:/home/akash/swarm_ws/install/subcriber_test:/home/akash/swarm_ws/install/publisher_test:/home/akash/swarm_ws/install/drone_state_publisher:/opt/ros/foxy /usr/bin/cmake /home/akash/swarm_ws/src/drone_state_publisher -DCMAKE_INSTALL_PREFIX=/home/akash/swarm_ws/src/drone_state_publisher/install/drone_state_publisher
[1.115s] DEBUG:colcon.colcon_core.event_handler.log_command:Invoking command in '/home/akash/swarm_ws/src/drone_state_publisher/build/drone_state_publisher': CMAKE_PREFIX_PATH=${CMAKE_PREFIX_PATH}:/home/akash/swarm_ws/install/subcriber_test:/home/akash/swarm_ws/install/publisher_test:/home/akash/swarm_ws/install/drone_state_publisher:/opt/ros/foxy /usr/bin/cmake --build /home/akash/swarm_ws/src/drone_state_publisher/build/drone_state_publisher -- -j16 -l16
[1.160s] DEBUG:colcon.colcon_core.event_handler.log_command:Invoked command in '/home/akash/swarm_ws/src/drone_state_publisher/build/drone_state_publisher' returned '0': CMAKE_PREFIX_PATH=${CMAKE_PREFIX_PATH}:/home/akash/swarm_ws/install/subcriber_test:/home/akash/swarm_ws/install/publisher_test:/home/akash/swarm_ws/install/drone_state_publisher:/opt/ros/foxy /usr/bin/cmake --build /home/akash/swarm_ws/src/drone_state_publisher/build/drone_state_publisher -- -j16 -l16
[1.202s] DEBUG:colcon.colcon_core.event_handler.log_command:Invoking command in '/home/akash/swarm_ws/src/drone_state_publisher/build/drone_state_publisher': CMAKE_PREFIX_PATH=${CMAKE_PREFIX_PATH}:/home/akash/swarm_ws/install/subcriber_test:/home/akash/swarm_ws/install/publisher_test:/home/akash/swarm_ws/install/drone_state_publisher:/opt/ros/foxy /usr/bin/cmake --install /home/akash/swarm_ws/src/drone_state_publisher/build/drone_state_publisher
[1.216s] Level 1:colcon.colcon_core.environment:create_environment_scripts_only(drone_state_publisher)
[1.218s] DEBUG:colcon.colcon_core.event_handler.log_command:Invoked command in '/home/akash/swarm_ws/src/drone_state_publisher/build/drone_state_publisher' returned '0': CMAKE_PREFIX_PATH=${CMAKE_PREFIX_PATH}:/home/akash/swarm_ws/install/subcriber_test:/home/akash/swarm_ws/install/publisher_test:/home/akash/swarm_ws/install/drone_state_publisher:/opt/ros/foxy /usr/bin/cmake --install /home/akash/swarm_ws/src/drone_state_publisher/build/drone_state_publisher
[1.223s] Level 1:colcon.colcon_core.environment:checking '/home/akash/swarm_ws/src/drone_state_publisher/install/drone_state_publisher' for CMake module files
[1.224s] Level 1:colcon.colcon_core.environment:checking '/home/akash/swarm_ws/src/drone_state_publisher/install/drone_state_publisher' for CMake config files
[1.224s] Level 1:colcon.colcon_core.shell:create_environment_hook('drone_state_publisher', 'cmake_prefix_path')
[1.228s] INFO:colcon.colcon_core.shell:Creating environment hook '/home/akash/swarm_ws/src/drone_state_publisher/install/drone_state_publisher/share/drone_state_publisher/hook/cmake_prefix_path.ps1'
[1.228s] INFO:colcon.colcon_core.shell:Creating environment descriptor '/home/akash/swarm_ws/src/drone_state_publisher/install/drone_state_publisher/share/drone_state_publisher/hook/cmake_prefix_path.dsv'
[1.229s] INFO:colcon.colcon_core.shell:Creating environment hook '/home/akash/swarm_ws/src/drone_state_publisher/install/drone_state_publisher/share/drone_state_publisher/hook/cmake_prefix_path.sh'
[1.229s] Level 1:colcon.colcon_core.environment:checking '/home/akash/swarm_ws/src/drone_state_publisher/install/drone_state_publisher/bin'
[1.229s] Level 1:colcon.colcon_core.environment:checking '/home/akash/swarm_ws/src/drone_state_publisher/install/drone_state_publisher/lib/pkgconfig/drone_state_publisher.pc'
[1.229s] Level 1:colcon.colcon_core.environment:checking '/home/akash/swarm_ws/src/drone_state_publisher/install/drone_state_publisher/lib/python3.8/site-packages'
[1.229s] Level 1:colcon.colcon_core.environment:checking '/home/akash/swarm_ws/src/drone_state_publisher/install/drone_state_publisher/bin'
[1.230s] INFO:colcon.colcon_core.shell:Creating package script '/home/akash/swarm_ws/src/drone_state_publisher/install/drone_state_publisher/share/drone_state_publisher/package.ps1'
[1.231s] INFO:colcon.colcon_core.shell:Creating package descriptor '/home/akash/swarm_ws/src/drone_state_publisher/install/drone_state_publisher/share/drone_state_publisher/package.dsv'
[1.231s] INFO:colcon.colcon_core.shell:Creating package script '/home/akash/swarm_ws/src/drone_state_publisher/install/drone_state_publisher/share/drone_state_publisher/package.sh'
[1.232s] INFO:colcon.colcon_core.shell:Creating package script '/home/akash/swarm_ws/src/drone_state_publisher/install/drone_state_publisher/share/drone_state_publisher/package.bash'
[1.232s] INFO:colcon.colcon_core.shell:Creating package script '/home/akash/swarm_ws/src/drone_state_publisher/install/drone_state_publisher/share/drone_state_publisher/package.zsh'
[1.232s] Level 1:colcon.colcon_core.environment:create_file_with_runtime_dependencies(/home/akash/swarm_ws/src/drone_state_publisher/install/drone_state_publisher/share/colcon-core/packages/drone_state_publisher)
[1.260s] Level 1:colcon.colcon_core.environment:create_environment_scripts_only(drone_state_publisher)
[1.264s] Level 1:colcon.colcon_core.environment:checking '/home/akash/swarm_ws/src/drone_state_publisher/install/drone_state_publisher' for CMake module files
[1.265s] Level 1:colcon.colcon_core.environment:checking '/home/akash/swarm_ws/src/drone_state_publisher/install/drone_state_publisher' for CMake config files
[1.266s] Level 1:colcon.colcon_core.shell:create_environment_hook('drone_state_publisher', 'cmake_prefix_path')
[1.269s] INFO:colcon.colcon_core.shell:Creating environment hook '/home/akash/swarm_ws/src/drone_state_publisher/install/drone_state_publisher/share/drone_state_publisher/hook/cmake_prefix_path.ps1'
[1.270s] INFO:colcon.colcon_core.shell:Creating environment descriptor '/home/akash/swarm_ws/src/drone_state_publisher/install/drone_state_publisher/share/drone_state_publisher/hook/cmake_prefix_path.dsv'
[1.271s] INFO:colcon.colcon_core.shell:Creating environment hook '/home/akash/swarm_ws/src/drone_state_publisher/install/drone_state_publisher/share/drone_state_publisher/hook/cmake_prefix_path.sh'
[1.272s] Level 1:colcon.colcon_core.environment:checking '/home/akash/swarm_ws/src/drone_state_publisher/install/drone_state_publisher/bin'
[1.272s] Level 1:colcon.colcon_core.environment:checking '/home/akash/swarm_ws/src/drone_state_publisher/install/drone_state_publisher/lib/pkgconfig/drone_state_publisher.pc'
[1.273s] Level 1:colcon.colcon_core.environment:checking '/home/akash/swarm_ws/src/drone_state_publisher/install/drone_state_publisher/lib/python3.8/site-packages'
[1.273s] Level 1:colcon.colcon_core.environment:checking '/home/akash/swarm_ws/src/drone_state_publisher/install/drone_state_publisher/bin'
[1.276s] INFO:colcon.colcon_core.shell:Creating package script '/home/akash/swarm_ws/src/drone_state_publisher/install/drone_state_publisher/share/drone_state_publisher/package.ps1'
[1.277s] INFO:colcon.colcon_core.shell:Creating package descriptor '/home/akash/swarm_ws/src/drone_state_publisher/install/drone_state_publisher/share/drone_state_publisher/package.dsv'
[1.277s] INFO:colcon.colcon_core.shell:Creating package script '/home/akash/swarm_ws/src/drone_state_publisher/install/drone_state_publisher/share/drone_state_publisher/package.sh'
[1.277s] INFO:colcon.colcon_core.shell:Creating package script '/home/akash/swarm_ws/src/drone_state_publisher/install/drone_state_publisher/share/drone_state_publisher/package.bash'
[1.278s] INFO:colcon.colcon_core.shell:Creating package script '/home/akash/swarm_ws/src/drone_state_publisher/install/drone_state_publisher/share/drone_state_publisher/package.zsh'
[1.278s] Level 1:colcon.colcon_core.environment:create_file_with_runtime_dependencies(/home/akash/swarm_ws/src/drone_state_publisher/install/drone_state_publisher/share/colcon-core/packages/drone_state_publisher)
[1.278s] DEBUG:colcon.colcon_parallel_executor.executor.parallel:closing loop
[1.278s] DEBUG:colcon.colcon_parallel_executor.executor.parallel:loop closed
[1.278s] DEBUG:colcon.colcon_parallel_executor.executor.parallel:run_until_complete finished with '0'
[1.278s] DEBUG:colcon.colcon_core.event_reactor:joining thread
[1.282s] INFO:colcon.colcon_core.plugin_system:Skipping extension 'colcon_notification.desktop_notification.terminal_notifier': Not used on non-Darwin systems
[1.282s] INFO:colcon.colcon_core.plugin_system:Skipping extension 'colcon_notification.desktop_notification.win32': Not used on non-Windows systems
[1.282s] INFO:colcon.colcon_notification.desktop_notification:Sending desktop notification using 'notify2'
[1.310s] DEBUG:colcon.colcon_core.event_reactor:joined thread
[1.312s] INFO:colcon.colcon_core.shell:Creating prefix script '/home/akash/swarm_ws/src/drone_state_publisher/install/local_setup.ps1'
[1.313s] INFO:colcon.colcon_core.shell:Creating prefix util module '/home/akash/swarm_ws/src/drone_state_publisher/install/_local_setup_util_ps1.py'
[1.314s] INFO:colcon.colcon_core.shell:Creating prefix chain script '/home/akash/swarm_ws/src/drone_state_publisher/install/setup.ps1'
[1.315s] INFO:colcon.colcon_core.shell:Creating prefix script '/home/akash/swarm_ws/src/drone_state_publisher/install/local_setup.sh'
[1.315s] INFO:colcon.colcon_core.shell:Creating prefix util module '/home/akash/swarm_ws/src/drone_state_publisher/install/_local_setup_util_sh.py'
[1.316s] INFO:colcon.colcon_core.shell:Creating prefix chain script '/home/akash/swarm_ws/src/drone_state_publisher/install/setup.sh'
[1.317s] INFO:colcon.colcon_core.shell:Creating prefix script '/home/akash/swarm_ws/src/drone_state_publisher/install/local_setup.bash'
[1.318s] INFO:colcon.colcon_core.shell:Creating prefix chain script '/home/akash/swarm_ws/src/drone_state_publisher/install/setup.bash'
[1.319s] INFO:colcon.colcon_core.shell:Creating prefix script '/home/akash/swarm_ws/src/drone_state_publisher/install/local_setup.zsh'
[1.319s] INFO:colcon.colcon_core.shell:Creating prefix chain script '/home/akash/swarm_ws/src/drone_state_publisher/install/setup.zsh'
