[0.451s] Invoking command in '/home/akash/swarm_ws/src/drone_state_publisher': PYTHONPATH=/home/akash/swarm_ws/src/drone_state_publisher/build/drone_state_publisher/prefix_override:/home/akash/swarm_ws/src/drone_state_publisher/install/drone_state_publisher/lib/python3.8/site-packages:${PYTHONPATH} /usr/bin/python3 setup.py egg_info --egg-base build/drone_state_publisher build --build-base /home/akash/swarm_ws/src/drone_state_publisher/build/drone_state_publisher/build install --record /home/akash/swarm_ws/src/drone_state_publisher/build/drone_state_publisher/install.log --install-scripts $base/lib/drone_state_publisher --single-version-externally-managed
[0.589s] running egg_info
[0.589s] creating build/drone_state_publisher/drone_state_publisher.egg-info
[0.589s] writing build/drone_state_publisher/drone_state_publisher.egg-info/PKG-INFO
[0.589s] writing dependency_links to build/drone_state_publisher/drone_state_publisher.egg-info/dependency_links.txt
[0.589s] writing entry points to build/drone_state_publisher/drone_state_publisher.egg-info/entry_points.txt
[0.589s] writing requirements to build/drone_state_publisher/drone_state_publisher.egg-info/requires.txt
[0.589s] writing top-level names to build/drone_state_publisher/drone_state_publisher.egg-info/top_level.txt
[0.590s] writing manifest file 'build/drone_state_publisher/drone_state_publisher.egg-info/SOURCES.txt'
[0.614s] reading manifest file 'build/drone_state_publisher/drone_state_publisher.egg-info/SOURCES.txt'
[0.615s] writing manifest file 'build/drone_state_publisher/drone_state_publisher.egg-info/SOURCES.txt'
[0.615s] running build
[0.615s] running build_py
[0.615s] creating /home/akash/swarm_ws/src/drone_state_publisher/build/drone_state_publisher/build
[0.615s] creating /home/akash/swarm_ws/src/drone_state_publisher/build/drone_state_publisher/build/lib
[0.615s] creating /home/akash/swarm_ws/src/drone_state_publisher/build/drone_state_publisher/build/lib/drone_state_publisher
[0.615s] copying drone_state_publisher/__init__.py -> /home/akash/swarm_ws/src/drone_state_publisher/build/drone_state_publisher/build/lib/drone_state_publisher
[0.615s] copying drone_state_publisher/drone_state_publisher.py -> /home/akash/swarm_ws/src/drone_state_publisher/build/drone_state_publisher/build/lib/drone_state_publisher
[0.615s] running install
[0.615s] running install_lib
[0.616s] creating /home/akash/swarm_ws/src/drone_state_publisher/install/drone_state_publisher/lib/python3.8/site-packages/drone_state_publisher
[0.616s] copying /home/akash/swarm_ws/src/drone_state_publisher/build/drone_state_publisher/build/lib/drone_state_publisher/__init__.py -> /home/akash/swarm_ws/src/drone_state_publisher/install/drone_state_publisher/lib/python3.8/site-packages/drone_state_publisher
[0.616s] copying /home/akash/swarm_ws/src/drone_state_publisher/build/drone_state_publisher/build/lib/drone_state_publisher/drone_state_publisher.py -> /home/akash/swarm_ws/src/drone_state_publisher/install/drone_state_publisher/lib/python3.8/site-packages/drone_state_publisher
[0.616s] byte-compiling /home/akash/swarm_ws/src/drone_state_publisher/install/drone_state_publisher/lib/python3.8/site-packages/drone_state_publisher/__init__.py to __init__.cpython-38.pyc
[0.617s] byte-compiling /home/akash/swarm_ws/src/drone_state_publisher/install/drone_state_publisher/lib/python3.8/site-packages/drone_state_publisher/drone_state_publisher.py to drone_state_publisher.cpython-38.pyc
[0.618s] running install_data
[0.619s] creating /home/akash/swarm_ws/src/drone_state_publisher/install/drone_state_publisher/share/ament_index
[0.619s] creating /home/akash/swarm_ws/src/drone_state_publisher/install/drone_state_publisher/share/ament_index/resource_index
[0.619s] creating /home/akash/swarm_ws/src/drone_state_publisher/install/drone_state_publisher/share/ament_index/resource_index/packages
[0.619s] copying resource/drone_state_publisher -> /home/akash/swarm_ws/src/drone_state_publisher/install/drone_state_publisher/share/ament_index/resource_index/packages
[0.619s] copying package.xml -> /home/akash/swarm_ws/src/drone_state_publisher/install/drone_state_publisher/share/drone_state_publisher
[0.619s] running install_egg_info
[0.620s] Copying build/drone_state_publisher/drone_state_publisher.egg-info to /home/akash/swarm_ws/src/drone_state_publisher/install/drone_state_publisher/lib/python3.8/site-packages/drone_state_publisher-0.0.0-py3.8.egg-info
[0.620s] running install_scripts
[0.632s] Installing drone_state_publisher script to /home/akash/swarm_ws/src/drone_state_publisher/install/drone_state_publisher/lib/drone_state_publisher
[0.632s] writing list of installed files to '/home/akash/swarm_ws/src/drone_state_publisher/build/drone_state_publisher/install.log'
[0.649s] Invoked command in '/home/akash/swarm_ws/src/drone_state_publisher' returned '0': PYTHONPATH=/home/akash/swarm_ws/src/drone_state_publisher/build/drone_state_publisher/prefix_override:/home/akash/swarm_ws/src/drone_state_publisher/install/drone_state_publisher/lib/python3.8/site-packages:${PYTHONPATH} /usr/bin/python3 setup.py egg_info --egg-base build/drone_state_publisher build --build-base /home/akash/swarm_ws/src/drone_state_publisher/build/drone_state_publisher/build install --record /home/akash/swarm_ws/src/drone_state_publisher/build/drone_state_publisher/install.log --install-scripts $base/lib/drone_state_publisher --single-version-externally-managed
